2025-07-12 12:05:27,948 - INFO - Moved: desktop.ini -> Others/
2025-07-12 12:05:27,949 - INFO - Moved: Shortcut to Desktop (OneDrive - Personal).lnk -> Others/
2025-07-12 12:08:50,526 - INFO - Moved: desktop.ini -> Others/
2025-07-12 12:08:50,529 - INFO - Moved: Shortcut to Documents (OneDrive - Personal).lnk -> Others/
2025-07-12 12:37:11,007 - INFO - Moved: desktop.ini -> Others/
2025-07-12 12:37:11,012 - INFO - Moved: Eleven-Telugu-pr5sr-2025.mp4 -> Videos/
2025-07-12 12:37:11,015 - INFO - Moved: GitHub Desktop.lnk -> Others/
2025-07-12 12:37:11,019 - INFO - Moved: Identity-Telugu-2025-ls5ve.mp4 -> Videos/
2025-07-12 12:37:11,023 - INFO - Moved: Kubera-Telugu-lu7fw-2025.mp4 -> Videos/
2025-07-12 12:37:11,025 - INFO - Moved: Microsoft Edge.lnk -> Others/
2025-07-12 12:37:11,028 - INFO - Moved: Single-Telugu-gf4vd-2025.mp4 -> Videos/
2025-07-12 12:37:11,032 - INFO - Moved: Visual Studio Code.lnk -> Others/
2025-07-12 12:37:11,034 - INFO - Moved: www.5MovieRulz.shop - Jigra (2024) Telugu HQ HDRip - x264 - AAC - 400MB - ESub.mkv -> Videos/
2025-07-12 12:40:35,076 - INFO - Moved: 66f4ff5190eb9_image_based_recognition.zip -> Compressed/
2025-07-12 12:40:35,083 - INFO - Moved: Anaconda3-2024.10-1-Windows-x86_64.exe -> Executables/
2025-07-12 12:40:35,086 - INFO - Moved: aws-academy-graduate-aws-academy-cloud-foundations.png -> Images/
2025-07-12 12:40:35,097 - INFO - Moved: ChromeSetup.exe -> Executables/
2025-07-12 12:40:35,109 - INFO - Moved: Copy of Covid_Data_new.csv -> Documents/
2025-07-12 12:40:35,111 - INFO - Moved: covid.csv -> Documents/
2025-07-12 12:40:35,113 - INFO - Moved: desktop.ini -> Others/
2025-07-12 12:40:35,127 - INFO - Moved: geetha resume.pdf -> Documents/
2025-07-12 12:40:35,130 - INFO - Moved: geetharesume.pdf -> Documents/
2025-07-12 12:40:35,152 - INFO - Moved: Git-2.50.0-64-bit.exe -> Executables/
2025-07-12 12:40:35,154 - INFO - Moved: GitHubDesktopSetup-x64.exe -> Executables/
2025-07-12 12:40:35,165 - INFO - Moved: hanuman.jpg -> Images/
2025-07-12 12:40:35,176 - INFO - Moved: product1.jpg -> Images/
2025-07-12 12:40:35,186 - INFO - Moved: python-3.13.5-amd64.exe -> Executables/
2025-07-12 12:40:35,189 - INFO - Moved: resume.pdf -> Documents/
2025-07-12 12:40:35,201 - INFO - Moved: SecureExamBrowserInstaller_en_1.5.7.msi -> Others/
2025-07-12 12:40:35,212 - INFO - Moved: Unconfirmed 587124.crdownload -> Others/
2025-07-12 12:40:35,223 - INFO - Moved: VSCodeUserSetup-x64-1.96.2.exe -> Executables/
2025-07-12 12:40:35,233 - INFO - Moved: W.jpg -> Images/
2025-07-12 12:40:35,254 - INFO - Moved: Wha.jpg -> Images/
2025-07-12 12:40:35,257 - INFO - Moved: WhatsApp .jpg -> Images/
2025-07-12 12:40:35,267 - INFO - Moved: WhatsApp Image .jpg -> Images/
2025-07-12 12:40:35,278 - INFO - Moved: WhatsApp Image 2025-06-26 at 19.26.57_134c0c64.jpg -> Images/
2025-07-12 12:40:35,280 - INFO - Moved: wp.jpg -> Images/
2025-07-12 12:40:35,283 - INFO - Moved: xampp-windows-x64-8.2.12-0-VS16-installer.exe -> Executables/
2025-07-12 12:44:39,756 - INFO - Moved: desktop.ini -> Others/
2025-07-12 12:44:39,759 - INFO - Moved: gee.txt.txt -> Documents/
2025-07-12 12:44:39,762 - INFO - Moved: hanuman.jpg -> Images/
2025-07-12 12:44:39,764 - INFO - Moved: IMG_20250129_074718.jpg -> Images/
2025-07-12 12:44:39,766 - INFO - Moved: jaya.txt.txt -> Documents/
2025-07-12 12:44:39,777 - INFO - Moved: new.bmp.bmp -> Images/
2025-07-12 12:44:39,780 - INFO - Moved: Padakkalam-Telugu-2025-hs5ui.mp4 -> Videos/
2025-07-12 13:06:16,475 - INFO - Moved: Eleven-Telugu-pr5sr-2025.mp4 -> Videos/
2025-07-12 13:06:16,479 - INFO - Moved: file1.zip.zip -> Compressed/
2025-07-12 13:06:16,482 - INFO - Moved: file2.zip.zip -> Compressed/
2025-07-12 13:06:16,486 - INFO - Moved: GitHub Desktop.lnk -> Others/
2025-07-12 13:06:16,489 - INFO - Moved: Identity-Telugu-2025-ls5ve.mp4 -> Videos/
2025-07-12 13:06:16,493 - INFO - Moved: image1.bmp.bmp -> Images/
2025-07-12 13:06:16,496 - INFO - Moved: image2.bmp.bmp -> Images/
2025-07-12 13:06:16,499 - INFO - Moved: image3.bmp.bmp -> Images/
2025-07-12 13:06:16,517 - INFO - Moved: Kubera-Telugu-lu7fw-2025.mp4 -> Videos/
2025-07-12 13:06:16,523 - INFO - Moved: Microsoft Edge.lnk -> Others/
2025-07-12 13:06:16,529 - INFO - Moved: Single-Telugu-gf4vd-2025.mp4 -> Videos/
2025-07-12 13:06:16,533 - INFO - Moved: test1.txt.txt -> Documents/
2025-07-12 13:06:16,536 - INFO - Moved: test2.txt.txt -> Documents/
2025-07-12 13:06:16,542 - INFO - Moved: Visual Studio Code.lnk -> Others/
2025-07-12 13:06:16,546 - INFO - Moved: www.5MovieRulz.shop - Jigra (2024) Telugu HQ HDRip - x264 - AAC - 400MB - ESub.mkv -> Videos/
2025-07-12 13:12:51,727 - INFO - Moved: Eleven-Telugu-pr5sr-2025.mp4 -> Videos/
2025-07-12 13:12:51,732 - INFO - Moved: file1.zip.zip -> Compressed/
2025-07-12 13:12:51,736 - INFO - Moved: file2.zip.zip -> Compressed/
2025-07-12 13:12:51,739 - INFO - Moved: GitHub Desktop.lnk -> Others/
2025-07-12 13:12:51,743 - INFO - Moved: Identity-Telugu-2025-ls5ve.mp4 -> Videos/
2025-07-12 13:12:51,747 - INFO - Moved: image1.bmp.bmp -> Images/
2025-07-12 13:12:51,751 - INFO - Moved: image2.bmp.bmp -> Images/
2025-07-12 13:12:51,755 - INFO - Moved: image3.bmp.bmp -> Images/
2025-07-12 13:12:51,759 - INFO - Moved: Kubera-Telugu-lu7fw-2025.mp4 -> Videos/
2025-07-12 13:12:51,764 - INFO - Moved: Microsoft Edge.lnk -> Others/
2025-07-12 13:12:51,768 - INFO - Moved: Single-Telugu-gf4vd-2025.mp4 -> Videos/
2025-07-12 13:12:51,772 - INFO - Moved: test1.txt.txt -> Documents/
2025-07-12 13:12:51,776 - INFO - Moved: test2.txt.txt -> Documents/
2025-07-12 13:12:51,780 - INFO - Moved: Visual Studio Code.lnk -> Others/
2025-07-12 13:12:51,784 - INFO - Moved: www.5MovieRulz.shop - Jigra (2024) Telugu HQ HDRip - x264 - AAC - 400MB - ESub.mkv -> Videos/
